[debug] [2022-04-22T04:20:57.741Z] ----------------------------------------------------------------------
[debug] [2022-04-22T04:20:57.743Z] Command:       C:\Program Files\nodejs\node.exe C:\Users\Yogesh\AppData\Roaming\npm\node_modules\firebase-tools\lib\bin\firebase.js init
[debug] [2022-04-22T04:20:57.744Z] CLI Version:   10.7.1
[debug] [2022-04-22T04:20:57.744Z] Platform:      win32
[debug] [2022-04-22T04:20:57.744Z] Node Version:  v16.14.0
[debug] [2022-04-22T04:20:57.745Z] Time:          Fri Apr 22 2022 09:50:57 GMT+0530 (India Standard Time)
[debug] [2022-04-22T04:20:57.745Z] ----------------------------------------------------------------------
[debug] 
[debug] [2022-04-22T04:20:57.753Z] > command requires scopes: ["email","openid","https://www.googleapis.com/auth/cloudplatformprojects.readonly","https://www.googleapis.com/auth/firebase","https://www.googleapis.com/auth/cloud-platform"]
[debug] [2022-04-22T04:20:57.754Z] > authorizing via signed-in user (omkarbhavare2406@gmail.com)
[info] 
     ######## #### ########  ######## ########     ###     ######  ########
     ##        ##  ##     ## ##       ##     ##  ##   ##  ##       ##
     ######    ##  ########  ######   ########  #########  ######  ######
     ##        ##  ##    ##  ##       ##     ## ##     ##       ## ##
     ##       #### ##     ## ######## ########  ##     ##  ######  ########

You're about to initialize a Firebase project in this directory:

  C:\Users\Yogesh\Desktop\Y-MessengerClone-master

[info] 
=== Project Setup
[info] 
[info] First, let's associate this project directory with a Firebase project.
[info] You can create multiple project aliases by running firebase use --add, 
[info] but for now we'll just set up a default project.
[info] 
[debug] [2022-04-22T04:21:35.525Z] >>> [apiv2][query] GET https://firebase.googleapis.com/v1beta1/projects pageSize=100
[debug] [2022-04-22T04:21:36.250Z] <<< [apiv2][status] GET https://firebase.googleapis.com/v1beta1/projects 200
[debug] [2022-04-22T04:21:36.250Z] <<< [apiv2][body] GET https://firebase.googleapis.com/v1beta1/projects [omitted]
[info] i  Using project chatapp-33dd7 (chatapp) 
[info] 
=== Hosting Setup
[info] 
[info] Your public directory is the folder (relative to your project directory) that
[info] will contain Hosting assets to be uploaded with firebase deploy. If you
[info] have a build process for your assets, use your build's output directory.
[info] 
[debug] [2022-04-22T04:22:05.729Z] >>> [apiv2][query] GET https://www.gstatic.com/firebasejs/releases.json [none]
[debug] [2022-04-22T04:22:05.896Z] <<< [apiv2][status] GET https://www.gstatic.com/firebasejs/releases.json 200
[debug] [2022-04-22T04:22:05.899Z] <<< [apiv2][body] GET https://www.gstatic.com/firebasejs/releases.json {"current":{"version":"9.6.11","browserURL":"https://www.gstatic.com/firebasejs/9.6.11/firebase.js","packageURL":"https://www.gstatic.com/firebasejs/9.6.11/firebase.tgz"},"live":{"version":"9.6","browserURL":"https://www.gstatic.com/firebasejs/live/9.6/firebase.js","packageURL":"https://www.gstatic.com/firebasejs/live/9.6/firebase.tgz"},"components":{"analytics":"https://www.gstatic.com/firebasejs/9.6.11/firebase-analytics.js","app":"https://www.gstatic.com/firebasejs/9.6.11/firebase-app.js","app-check":"https://www.gstatic.com/firebasejs/9.6.11/firebase-app-check.js","auth":"https://www.gstatic.com/firebasejs/9.6.11/firebase-auth.js","auth/cordova":"https://www.gstatic.com/firebasejs/9.6.11/firebase-auth/cordova.js","auth/react-native":"https://www.gstatic.com/firebasejs/9.6.11/firebase-auth/react-native.js","functions":"https://www.gstatic.com/firebasejs/9.6.11/firebase-functions.js","firestore":"https://www.gstatic.com/firebasejs/9.6.11/firebase-firestore.js","firestore/lite":"https://www.gstatic.com/firebasejs/9.6.11/firebase-firestore/lite.js","storage":"https://www.gstatic.com/firebasejs/9.6.11/firebase-storage.js","performance":"https://www.gstatic.com/firebasejs/9.6.11/firebase-performance.js","remote-config":"https://www.gstatic.com/firebasejs/9.6.11/firebase-remote-config.js","messaging":"https://www.gstatic.com/firebasejs/9.6.11/firebase-messaging.js","messaging/sw":"https://www.gstatic.com/firebasejs/9.6.11/firebase-messaging/sw.js","database":"https://www.gstatic.com/firebasejs/9.6.11/firebase-database.js","firestore.memory":"https://www.gstatic.com/firebasejs/9.6.11/firebase-firestore.memory.js"}}
[info] +  Wrote public/index.html 
[info] 
[info] i  Didn't detect a .git folder. Assuming C:\Users\Yogesh\Desktop\Y-MessengerClone-master is the project root. 
[info] i  Authorizing with GitHub to upload your service account to a GitHub repository's secrets store. 
[info] 
[info] Visit this URL on this device to log in:
[info] https://github.com/login/oauth/authorize?client_id=89cf50f02ac6aaed3484&state=151282555&redirect_uri=http%3A%2F%2Flocalhost%3A9005&scope=read%3Auser%20repo%20public_repo
[info] 
[info] Waiting for authentication...
[debug] [2022-04-22T04:22:24.307Z] >>> HTTP REQUEST POST https://github.com/login/oauth/access_token  
 {"client_id":"89cf50f02ac6aaed3484","client_secret":"3330d14abc895d9a74d5f17cd7a00711fa2c5bf0","code":"44551808b0de6103fe10","redirect_uri":"http://localhost:9005","state":"151282555"}
[debug] [2022-04-22T04:22:24.692Z] <<< HTTP RESPONSE 200 {"server":"GitHub.com","date":"Fri, 22 Apr 2022 04:22:24 GMT","content-type":"application/json; charset=utf-8","transfer-encoding":"chunked","vary":"X-PJAX, X-PJAX-Container, Accept-Encoding, Accept, X-Requested-With","permissions-policy":"interest-cohort=()","etag":"W/\"ce07c349e3898d3a6399e8c5decfb592\"","cache-control":"max-age=0, private, must-revalidate","strict-transport-security":"max-age=31536000; includeSubdomains; preload","x-frame-options":"deny","x-content-type-options":"nosniff","x-xss-protection":"0","referrer-policy":"origin-when-cross-origin, strict-origin-when-cross-origin","expect-ct":"max-age=2592000, report-uri=\"https://api.github.com/_private/browser/errors\"","content-security-policy":"default-src 'none'; base-uri 'self'; block-all-mixed-content; child-src github.com/assets-cdn/worker/ gist.github.com/assets-cdn/worker/; connect-src 'self' uploads.github.com objects-origin.githubusercontent.com www.githubstatus.com collector.github.com raw.githubusercontent.com api.github.com github-cloud.s3.amazonaws.com github-production-repository-file-5c1aeb.s3.amazonaws.com github-production-upload-manifest-file-7fdce7.s3.amazonaws.com github-production-user-asset-6210df.s3.amazonaws.com cdn.optimizely.com logx.optimizely.com/v1/events translator.github.com *.actions.githubusercontent.com wss://*.actions.githubusercontent.com online.visualstudio.com/api/v1/locations github-production-repository-image-32fea6.s3.amazonaws.com github-production-release-asset-2e65be.s3.amazonaws.com insights.github.com wss://alive.github.com; font-src github.githubassets.com; form-action 'self' github.com gist.github.com objects-origin.githubusercontent.com; frame-ancestors 'none'; frame-src render.githubusercontent.com viewscreen.githubusercontent.com notebooks.githubusercontent.com; img-src 'self' data: github.githubassets.com identicons.github.com github-cloud.s3.amazonaws.com secured-user-images.githubusercontent.com/ *.githubusercontent.com; manifest-src 'self'; media-src github.com user-images.githubusercontent.com/; script-src github.githubassets.com; style-src 'unsafe-inline' github.githubassets.com; worker-src github.com/assets-cdn/worker/ gist.github.com/assets-cdn/worker/","x-github-request-id":"FCA1:5BCA:9CDDCB:B32AB6:62622D80"}
[debug] [2022-04-22T04:22:24.713Z] >>> [apiv2][query] GET https://api.github.com/user [none]
[debug] [2022-04-22T04:22:25.048Z] <<< [apiv2][status] GET https://api.github.com/user 200
[debug] [2022-04-22T04:22:25.048Z] <<< [apiv2][body] GET https://api.github.com/user {"login":"omkarbhavare","id":91676787,"node_id":"U_kgDOBXbgcw","avatar_url":"https://avatars.githubusercontent.com/u/91676787?v=4","gravatar_id":"","url":"https://api.github.com/users/omkarbhavare","html_url":"https://github.com/omkarbhavare","followers_url":"https://api.github.com/users/omkarbhavare/followers","following_url":"https://api.github.com/users/omkarbhavare/following{/other_user}","gists_url":"https://api.github.com/users/omkarbhavare/gists{/gist_id}","starred_url":"https://api.github.com/users/omkarbhavare/starred{/owner}{/repo}","subscriptions_url":"https://api.github.com/users/omkarbhavare/subscriptions","organizations_url":"https://api.github.com/users/omkarbhavare/orgs","repos_url":"https://api.github.com/users/omkarbhavare/repos","events_url":"https://api.github.com/users/omkarbhavare/events{/privacy}","received_events_url":"https://api.github.com/users/omkarbhavare/received_events","type":"User","site_admin":false,"name":"Omkar Bhavare","company":null,"blog":"","location":"Pune","email":null,"hireable":null,"bio":null,"twitter_username":null,"public_repos":11,"public_gists":0,"followers":0,"following":2,"created_at":"2021-09-30T13:17:02Z","updated_at":"2022-04-20T06:58:14Z","private_gists":0,"total_private_repos":2,"owned_private_repos":2,"disk_usage":26474,"collaborators":0,"two_factor_authentication":false,"plan":{"name":"free","space":976562499,"collaborators":0,"private_repos":10000}}
[info] 
[info] +  Success! Logged into GitHub as omkarbhavare 
[info] 
[debug] [2022-04-22T04:22:40.793Z] >>> [apiv2][query] GET https://api.github.com/repos/repository/actions/secrets/public-key type=owner
[debug] [2022-04-22T04:22:41.047Z] <<< [apiv2][status] GET https://api.github.com/repos/repository/actions/secrets/public-key 404
[debug] [2022-04-22T04:22:41.048Z] <<< [apiv2][body] GET https://api.github.com/repos/repository/actions/secrets/public-key {"message":"Not Found","documentation_url":"https://docs.github.com/rest"}
[debug] [2022-04-22T04:22:47.240Z] >>> [apiv2][query] GET https://api.github.com/repos/repository/actions/secrets/public-key type=owner
[debug] [2022-04-22T04:22:47.495Z] <<< [apiv2][status] GET https://api.github.com/repos/repository/actions/secrets/public-key 404
[debug] [2022-04-22T04:22:47.495Z] <<< [apiv2][body] GET https://api.github.com/repos/repository/actions/secrets/public-key {"message":"Not Found","documentation_url":"https://docs.github.com/rest"}
[debug] [2022-04-22T04:22:51.216Z] >>> [apiv2][query] GET https://api.github.com/repos//actions/secrets/public-key type=owner
[debug] [2022-04-22T04:22:51.497Z] <<< [apiv2][status] GET https://api.github.com/repos//actions/secrets/public-key 404
[debug] [2022-04-22T04:22:51.497Z] <<< [apiv2][body] GET https://api.github.com/repos//actions/secrets/public-key {"message":"Not Found","documentation_url":"https://docs.github.com/rest"}
[debug] [2022-04-22T04:22:54.737Z] >>> [apiv2][query] GET https://api.github.com/repos//actions/secrets/public-key type=owner
[debug] [2022-04-22T04:22:54.983Z] <<< [apiv2][status] GET https://api.github.com/repos//actions/secrets/public-key 404
[debug] [2022-04-22T04:22:54.983Z] <<< [apiv2][body] GET https://api.github.com/repos//actions/secrets/public-key {"message":"Not Found","documentation_url":"https://docs.github.com/rest"}
[debug] [2022-04-22T04:23:06.567Z] >>> [apiv2][query] GET https://api.github.com/repos/user/repository/actions/secrets/public-key type=owner
[debug] [2022-04-22T04:23:06.822Z] <<< [apiv2][status] GET https://api.github.com/repos/user/repository/actions/secrets/public-key 404
[debug] [2022-04-22T04:23:06.823Z] <<< [apiv2][body] GET https://api.github.com/repos/user/repository/actions/secrets/public-key {"message":"Not Found","documentation_url":"https://docs.github.com/rest/reference/actions#get-a-repository-public-key"}
[debug] [2022-04-22T04:23:25.983Z] >>> [apiv2][query] GET https://api.github.com/repos/y/actions/secrets/public-key type=owner
[debug] [2022-04-22T04:23:26.292Z] <<< [apiv2][status] GET https://api.github.com/repos/y/actions/secrets/public-key 404
[debug] [2022-04-22T04:23:26.292Z] <<< [apiv2][body] GET https://api.github.com/repos/y/actions/secrets/public-key {"message":"Not Found","documentation_url":"https://docs.github.com/rest"}
[debug] [2022-04-22T04:24:12.463Z] >>> [apiv2][query] GET https://api.github.com/repos/yes/actions/secrets/public-key type=owner
[debug] [2022-04-22T04:24:12.714Z] <<< [apiv2][status] GET https://api.github.com/repos/yes/actions/secrets/public-key 404
[debug] [2022-04-22T04:24:12.715Z] <<< [apiv2][body] GET https://api.github.com/repos/yes/actions/secrets/public-key {"message":"Not Found","documentation_url":"https://docs.github.com/rest"}
[debug] [2022-04-22T04:24:15.695Z] >>> [apiv2][query] GET https://api.github.com/repos/user/actions/secrets/public-key type=owner
[debug] [2022-04-22T04:24:15.950Z] <<< [apiv2][status] GET https://api.github.com/repos/user/actions/secrets/public-key 404
[debug] [2022-04-22T04:24:15.950Z] <<< [apiv2][body] GET https://api.github.com/repos/user/actions/secrets/public-key {"message":"Not Found","documentation_url":"https://docs.github.com/rest"}
[debug] [2022-04-22T04:24:25.407Z] >>> [apiv2][query] GET https://api.github.com/repos/format:repository/actions/secrets/public-key type=owner
[debug] [2022-04-22T04:24:25.697Z] <<< [apiv2][status] GET https://api.github.com/repos/format:repository/actions/secrets/public-key 404
[debug] [2022-04-22T04:24:25.698Z] <<< [apiv2][body] GET https://api.github.com/repos/format:repository/actions/secrets/public-key {"message":"Not Found","documentation_url":"https://docs.github.com/rest"}
[debug] [2022-04-22T04:24:43.319Z] >>> [apiv2][query] GET https://api.github.com/repos/chatapp/actions/secrets/public-key type=owner
[debug] [2022-04-22T04:24:43.604Z] <<< [apiv2][status] GET https://api.github.com/repos/chatapp/actions/secrets/public-key 404
[debug] [2022-04-22T04:24:43.605Z] <<< [apiv2][body] GET https://api.github.com/repos/chatapp/actions/secrets/public-key {"message":"Not Found","documentation_url":"https://docs.github.com/rest"}
[debug] [2022-04-22T04:24:54.503Z] >>> [apiv2][query] GET https://api.github.com/repos/public/actions/secrets/public-key type=owner
[debug] [2022-04-22T04:24:54.753Z] <<< [apiv2][status] GET https://api.github.com/repos/public/actions/secrets/public-key 404
[debug] [2022-04-22T04:24:54.753Z] <<< [apiv2][body] GET https://api.github.com/repos/public/actions/secrets/public-key {"message":"Not Found","documentation_url":"https://docs.github.com/rest"}
[debug] [2022-04-22T04:26:46.614Z] >>> [apiv2][query] GET https://api.github.com/repos/omkarbhavare/chatapp/actions/secrets/public-key type=owner
[debug] [2022-04-22T04:26:46.909Z] <<< [apiv2][status] GET https://api.github.com/repos/omkarbhavare/chatapp/actions/secrets/public-key 404
[debug] [2022-04-22T04:26:46.910Z] <<< [apiv2][body] GET https://api.github.com/repos/omkarbhavare/chatapp/actions/secrets/public-key {"message":"Not Found","documentation_url":"https://docs.github.com/rest/reference/actions#get-a-repository-public-key"}
[debug] [2022-04-22T04:26:50.950Z] >>> [apiv2][query] GET https://api.github.com/repos/omkarbhavare//actions/secrets/public-key type=owner
[debug] [2022-04-22T04:26:51.414Z] <<< [apiv2][status] GET https://api.github.com/repos/omkarbhavare//actions/secrets/public-key 404
[debug] [2022-04-22T04:26:51.414Z] <<< [apiv2][body] GET https://api.github.com/repos/omkarbhavare//actions/secrets/public-key {"message":"Not Found","documentation_url":"https://docs.github.com/rest"}
[debug] [2022-04-22T04:26:52.142Z] >>> [apiv2][query] GET https://api.github.com/repos/omkarbhavare/actions/secrets/public-key type=owner
[debug] [2022-04-22T04:26:52.401Z] <<< [apiv2][status] GET https://api.github.com/repos/omkarbhavare/actions/secrets/public-key 404
[debug] [2022-04-22T04:26:52.401Z] <<< [apiv2][body] GET https://api.github.com/repos/omkarbhavare/actions/secrets/public-key {"message":"Not Found","documentation_url":"https://docs.github.com/rest"}
